  [1m[36m (1.1ms)[0m  [1mCREATE TABLE "schema_migrations" ("version" varchar NOT NULL) [0m
  [1m[35m (0.4ms)[0m  select sqlite_version(*)
  [1m[36m (0.9ms)[0m  [1mCREATE UNIQUE INDEX "unique_schema_migrations" ON "schema_migrations" ("version")[0m
  [1m[35mActiveRecord::SchemaMigration Load (0.1ms)[0m  SELECT "schema_migrations".* FROM "schema_migrations"
Migrating to CreateCourses (20150407124944)
  [1m[36m (0.1ms)[0m  [1mbegin transaction[0m
  [1m[35m (0.4ms)[0m  CREATE TABLE "courses" ("id" INTEGER PRIMARY KEY AUTOINCREMENT NOT NULL, "title" varchar, "teacher" text, "time" text, "classroom" text, "credit" text, "created_at" datetime NOT NULL, "updated_at" datetime NOT NULL) 
  [1m[36mSQL (0.2ms)[0m  [1mINSERT INTO "schema_migrations" ("version") VALUES (?)[0m  [["version", "20150407124944"]]
  [1m[35m (0.7ms)[0m  commit transaction
  [1m[36mActiveRecord::SchemaMigration Load (0.1ms)[0m  [1mSELECT "schema_migrations".* FROM "schema_migrations"[0m


Started GET "/" for ::1 at 2015-04-07 21:15:58 +0800
  [1m[36mActiveRecord::SchemaMigration Load (0.4ms)[0m  [1mSELECT "schema_migrations".* FROM "schema_migrations"[0m
Processing by HomeController#index as HTML
  Rendered home/index.html.erb within layouts/application (3.3ms)
Completed 200 OK in 2459ms (Views: 2442.8ms | ActiveRecord: 0.0ms)


Started GET "/assets/courses-64e62ddc273c2f5847f30d698ca14b67.css?body=1" for ::1 at 2015-04-07 21:16:00 +0800


Started GET "/assets/home-64e62ddc273c2f5847f30d698ca14b67.css?body=1" for ::1 at 2015-04-07 21:16:01 +0800


Started GET "/assets/application-5266d2988799ecc8fe6e81eaab412e7d.css?body=1" for ::1 at 2015-04-07 21:16:01 +0800


Started GET "/assets/jquery_ujs-e27bd20a10d28155845a22d71ef94f2f.js?body=1" for ::1 at 2015-04-07 21:16:01 +0800


Started GET "/assets/jquery-87424c3c19e96d4fb033c10ebe21ec40.js?body=1" for ::1 at 2015-04-07 21:16:01 +0800


Started GET "/assets/courses-fcec5b5a277ac7c20cc9f45a209a3bcd.js?body=1" for ::1 at 2015-04-07 21:16:01 +0800


Started GET "/assets/turbolinks-f87b3583ca50adb0488b031297f5580d.js?body=1" for ::1 at 2015-04-07 21:16:01 +0800


Started GET "/assets/home-fcec5b5a277ac7c20cc9f45a209a3bcd.js?body=1" for ::1 at 2015-04-07 21:16:01 +0800


Started GET "/assets/application-d5dd9df895e734baa4e6c45e5b5415a9.js?body=1" for ::1 at 2015-04-07 21:16:01 +0800


Started GET "/courses/new" for ::1 at 2015-04-07 21:16:07 +0800
Processing by CoursesController#new as HTML
  Rendered courses/new.html.erb within layouts/application (23.1ms)
Completed 500 Internal Server Error in 40ms

ActionView::Template::Error (undefined method `place' for #<Course:0x007f8e254b9d70>):
    17: 
    18: <div>
    19: ä¸Šèª²åœ°é»ž
    20: <%=f.text_field :place %>
    21: </div>
    22: 
    23: <div>
  app/views/courses/new.html.erb:20:in `block in _app_views_courses_new_html_erb__1447648414546069161_70124243704280'
  app/views/courses/new.html.erb:2:in `_app_views_courses_new_html_erb__1447648414546069161_70124243704280'


  Rendered /Users/09931112i1/.rvm/gems/ruby-2.1.5/gems/actionpack-4.2.0/lib/action_dispatch/middleware/templates/rescues/_source.erb (7.8ms)
  Rendered /Users/09931112i1/.rvm/gems/ruby-2.1.5/gems/actionpack-4.2.0/lib/action_dispatch/middleware/templates/rescues/_trace.html.erb (5.5ms)
  Rendered /Users/09931112i1/.rvm/gems/ruby-2.1.5/gems/actionpack-4.2.0/lib/action_dispatch/middleware/templates/rescues/_request_and_response.html.erb (1.5ms)
  Rendered /Users/09931112i1/.rvm/gems/ruby-2.1.5/gems/actionpack-4.2.0/lib/action_dispatch/middleware/templates/rescues/template_error.html.erb within rescues/layout (35.7ms)
  Rendered /Users/09931112i1/.rvm/gems/ruby-2.1.5/gems/web-console-2.1.2/lib/web_console/templates/_markup.html.erb (0.5ms)
  Rendered /Users/09931112i1/.rvm/gems/ruby-2.1.5/gems/web-console-2.1.2/lib/web_console/templates/style.css.erb within layouts/inlined_string (0.4ms)
  Rendered /Users/09931112i1/.rvm/gems/ruby-2.1.5/gems/web-console-2.1.2/lib/web_console/templates/_inner_console_markup.html.erb within layouts/inlined_string (0.5ms)
  Rendered /Users/09931112i1/.rvm/gems/ruby-2.1.5/gems/web-console-2.1.2/lib/web_console/templates/_prompt_box_markup.html.erb within layouts/inlined_string (0.6ms)
  Rendered /Users/09931112i1/.rvm/gems/ruby-2.1.5/gems/web-console-2.1.2/lib/web_console/templates/console.js.erb within layouts/javascript (23.3ms)
  Rendered /Users/09931112i1/.rvm/gems/ruby-2.1.5/gems/web-console-2.1.2/lib/web_console/templates/main.js.erb within layouts/javascript (0.5ms)
  Rendered /Users/09931112i1/.rvm/gems/ruby-2.1.5/gems/web-console-2.1.2/lib/web_console/templates/error_page.js.erb within layouts/javascript (0.7ms)
  Rendered /Users/09931112i1/.rvm/gems/ruby-2.1.5/gems/web-console-2.1.2/lib/web_console/templates/index.html.erb (57.3ms)


Started GET "/courses/new" for ::1 at 2015-04-07 21:16:08 +0800
Processing by CoursesController#new as HTML
  Rendered courses/new.html.erb within layouts/application (6.0ms)
Completed 500 Internal Server Error in 10ms

ActionView::Template::Error (undefined method `place' for #<Course:0x007f8e22fabe20>):
    17: 
    18: <div>
    19: ä¸Šèª²åœ°é»ž
    20: <%=f.text_field :place %>
    21: </div>
    22: 
    23: <div>
  app/views/courses/new.html.erb:20:in `block in _app_views_courses_new_html_erb__1447648414546069161_70124224451420'
  app/views/courses/new.html.erb:2:in `_app_views_courses_new_html_erb__1447648414546069161_70124224451420'


  Rendered /Users/09931112i1/.rvm/gems/ruby-2.1.5/gems/actionpack-4.2.0/lib/action_dispatch/middleware/templates/rescues/_source.erb (17.4ms)
  Rendered /Users/09931112i1/.rvm/gems/ruby-2.1.5/gems/actionpack-4.2.0/lib/action_dispatch/middleware/templates/rescues/_trace.html.erb (3.6ms)
  Rendered /Users/09931112i1/.rvm/gems/ruby-2.1.5/gems/actionpack-4.2.0/lib/action_dispatch/middleware/templates/rescues/_request_and_response.html.erb (1.0ms)
  Rendered /Users/09931112i1/.rvm/gems/ruby-2.1.5/gems/actionpack-4.2.0/lib/action_dispatch/middleware/templates/rescues/template_error.html.erb within rescues/layout (35.5ms)
  Rendered /Users/09931112i1/.rvm/gems/ruby-2.1.5/gems/web-console-2.1.2/lib/web_console/templates/_markup.html.erb (0.4ms)
  Rendered /Users/09931112i1/.rvm/gems/ruby-2.1.5/gems/web-console-2.1.2/lib/web_console/templates/style.css.erb within layouts/inlined_string (0.3ms)
  Rendered /Users/09931112i1/.rvm/gems/ruby-2.1.5/gems/web-console-2.1.2/lib/web_console/templates/_inner_console_markup.html.erb within layouts/inlined_string (0.6ms)
  Rendered /Users/09931112i1/.rvm/gems/ruby-2.1.5/gems/web-console-2.1.2/lib/web_console/templates/_prompt_box_markup.html.erb within layouts/inlined_string (0.3ms)
  Rendered /Users/09931112i1/.rvm/gems/ruby-2.1.5/gems/web-console-2.1.2/lib/web_console/templates/console.js.erb within layouts/javascript (17.9ms)
  Rendered /Users/09931112i1/.rvm/gems/ruby-2.1.5/gems/web-console-2.1.2/lib/web_console/templates/main.js.erb within layouts/javascript (0.3ms)
  Rendered /Users/09931112i1/.rvm/gems/ruby-2.1.5/gems/web-console-2.1.2/lib/web_console/templates/error_page.js.erb within layouts/javascript (0.5ms)
  Rendered /Users/09931112i1/.rvm/gems/ruby-2.1.5/gems/web-console-2.1.2/lib/web_console/templates/index.html.erb (36.3ms)


Started GET "/courses/new" for ::1 at 2015-04-07 21:18:52 +0800
Processing by CoursesController#new as HTML
  Rendered courses/new.html.erb within layouts/application (22.6ms)
Completed 200 OK in 128ms (Views: 115.1ms | ActiveRecord: 0.6ms)


Started POST "/courses" for ::1 at 2015-04-07 21:19:32 +0800
Processing by CoursesController#create as HTML
  Parameters: {"utf8"=>"âœ“", "authenticity_token"=>"2kemWubCTr4XSIDvMerbeInBg+9PrKzMeRZY0HUmO9M5NSRtwoeUjzBqt5glA3AfFyG5Ae4jiCiBgitS6PjxJg==", "course"=>{"title"=>"è³‡æ–™åº«", "teacher"=>"å°ç¶ ", "time"=>"3234", "classroom"=>"å•†é™¢", "credit"=>"3"}, "commit"=>"Create Course"}
Unpermitted parameter: classroom
  [1m[35m (0.4ms)[0m  begin transaction
  [1m[36mSQL (1.3ms)[0m  [1mINSERT INTO "courses" ("title", "teacher", "time", "credit", "created_at", "updated_at") VALUES (?, ?, ?, ?, ?, ?)[0m  [["title", "è³‡æ–™åº«"], ["teacher", "å°ç¶ "], ["time", "3234"], ["credit", "3"], ["created_at", "2015-04-07 13:19:32.195687"], ["updated_at", "2015-04-07 13:19:32.195687"]]
  [1m[35m (0.9ms)[0m  commit transaction
Redirected to http://localhost:3000/
Completed 302 Found in 24ms (ActiveRecord: 2.6ms)


Started GET "/" for ::1 at 2015-04-07 21:19:32 +0800
Processing by HomeController#index as HTML
  Rendered home/index.html.erb within layouts/application (1.4ms)
Completed 200 OK in 100ms (Views: 98.8ms | ActiveRecord: 0.0ms)


Started GET "/courses" for ::1 at 2015-04-07 21:19:33 +0800
Processing by CoursesController#index as HTML
  [1m[36mCourse Load (0.2ms)[0m  [1mSELECT "courses".* FROM "courses"[0m
  Rendered courses/index.html.erb within layouts/application (2.9ms)
Completed 200 OK in 66ms (Views: 64.7ms | ActiveRecord: 0.2ms)


Started GET "/courses/1/edit" for ::1 at 2015-04-07 21:19:38 +0800
Processing by CoursesController#edit as HTML
  Parameters: {"id"=>"1"}
  [1m[35mCourse Load (0.3ms)[0m  SELECT  "courses".* FROM "courses" WHERE "courses"."id" = ? LIMIT 1  [["id", 1]]
  Rendered courses/edit.html.erb within layouts/application (3.0ms)
Completed 200 OK in 94ms (Views: 74.5ms | ActiveRecord: 0.3ms)


Started PATCH "/courses/1" for ::1 at 2015-04-07 21:19:42 +0800
Processing by CoursesController#update as HTML
  Parameters: {"utf8"=>"âœ“", "authenticity_token"=>"8BpCdWQVwhXMYdpCqcenu7nuuNkpIpRRvzLlPHA4LbUTaMBCQFAYJOtD7TW9LgzcJw6CN4itsLVHppa+7ebnQA==", "course"=>{"title"=>"è³‡æ–™åº«", "teacher"=>"å°ç¶ ", "time"=>"3234", "classroom"=>"", "credit"=>"3"}, "commit"=>"Update Course", "id"=>"1"}
  [1m[36mCourse Load (0.5ms)[0m  [1mSELECT  "courses".* FROM "courses" WHERE "courses"."id" = ? LIMIT 1[0m  [["id", 1]]
Unpermitted parameter: classroom
  [1m[35m (0.1ms)[0m  begin transaction
  [1m[36m (0.1ms)[0m  [1mcommit transaction[0m
Redirected to http://localhost:3000/
Completed 302 Found in 10ms (ActiveRecord: 0.7ms)


Started GET "/" for ::1 at 2015-04-07 21:19:42 +0800
Processing by HomeController#index as HTML
  Rendered home/index.html.erb within layouts/application (0.3ms)
Completed 200 OK in 58ms (Views: 57.8ms | ActiveRecord: 0.0ms)


Started GET "/courses" for ::1 at 2015-04-07 21:19:44 +0800
Processing by CoursesController#index as HTML
  [1m[35mCourse Load (0.2ms)[0m  SELECT "courses".* FROM "courses"
  Rendered courses/index.html.erb within layouts/application (2.1ms)
Completed 200 OK in 74ms (Views: 73.2ms | ActiveRecord: 0.2ms)


Started GET "/courses?utf8=%E2%9C%93&title=%E8%B3%87%E6%96%99%E5%BA%AB&teacher=&time=&commit=%E6%90%9C%E5%B0%8B" for ::1 at 2015-04-07 21:19:51 +0800
Processing by CoursesController#index as HTML
  Parameters: {"utf8"=>"âœ“", "title"=>"è³‡æ–™åº«", "teacher"=>"", "time"=>"", "commit"=>"æœå°‹"}
  [1m[36mCourse Load (7.6ms)[0m  [1mSELECT "courses".* FROM "courses" WHERE (title like '%è³‡æ–™åº«%')[0m
  Rendered courses/index.html.erb within layouts/application (12.0ms)
Completed 200 OK in 103ms (Views: 93.9ms | ActiveRecord: 7.6ms)


Started GET "/courses?utf8=%E2%9C%93&title=%E7%B6%93%E6%BF%9F%E5%AD%B8&teacher=&time=&commit=%E6%90%9C%E5%B0%8B" for ::1 at 2015-04-07 21:19:57 +0800
Processing by CoursesController#index as HTML
  Parameters: {"utf8"=>"âœ“", "title"=>"ç¶“æ¿Ÿå­¸", "teacher"=>"", "time"=>"", "commit"=>"æœå°‹"}
  [1m[35mCourse Load (0.3ms)[0m  SELECT "courses".* FROM "courses" WHERE (title like '%ç¶“æ¿Ÿå­¸%')
  Rendered courses/index.html.erb within layouts/application (1.7ms)
Completed 200 OK in 73ms (Views: 70.8ms | ActiveRecord: 0.3ms)


Started GET "/courses?utf8=%E2%9C%93&title=&teacher=%E5%B0%8F%E7%B6%A0&time=&commit=%E6%90%9C%E5%B0%8B" for ::1 at 2015-04-07 21:20:05 +0800
Processing by CoursesController#index as HTML
  Parameters: {"utf8"=>"âœ“", "title"=>"", "teacher"=>"å°ç¶ ", "time"=>"", "commit"=>"æœå°‹"}
  [1m[36mCourse Load (0.2ms)[0m  [1mSELECT "courses".* FROM "courses" WHERE (teacher like '%å°ç¶ %')[0m
  Rendered courses/index.html.erb within layouts/application (2.5ms)
Completed 200 OK in 78ms (Views: 75.7ms | ActiveRecord: 0.2ms)


Started GET "/courses?utf8=%E2%9C%93&title=&teacher=%E5%B0%8F%E7%B6%A0&time=&commit=%E6%90%9C%E5%B0%8B" for ::1 at 2015-04-07 21:25:16 +0800
Processing by CoursesController#index as HTML
  Parameters: {"utf8"=>"âœ“", "title"=>"", "teacher"=>"å°ç¶ ", "time"=>"", "commit"=>"æœå°‹"}
  [1m[35mCourse Load (0.5ms)[0m  SELECT "courses".* FROM "courses" WHERE (teacher like '%å°ç¶ %')
  Rendered courses/index.html.erb within layouts/application (32.8ms)
Completed 200 OK in 239ms (Views: 217.9ms | ActiveRecord: 0.8ms)


Started GET "/assets/courses-64e62ddc273c2f5847f30d698ca14b67.css?body=1" for ::1 at 2015-04-07 21:25:16 +0800


Started GET "/assets/jquery-87424c3c19e96d4fb033c10ebe21ec40.js?body=1" for ::1 at 2015-04-07 21:25:16 +0800


Started GET "/assets/jquery_ujs-e27bd20a10d28155845a22d71ef94f2f.js?body=1" for ::1 at 2015-04-07 21:25:16 +0800


Started GET "/assets/home-fcec5b5a277ac7c20cc9f45a209a3bcd.js?body=1" for ::1 at 2015-04-07 21:25:16 +0800


Started GET "/assets/turbolinks-f87b3583ca50adb0488b031297f5580d.js?body=1" for ::1 at 2015-04-07 21:25:16 +0800


Started GET "/assets/home-64e62ddc273c2f5847f30d698ca14b67.css?body=1" for ::1 at 2015-04-07 21:25:16 +0800


Started GET "/assets/courses-fcec5b5a277ac7c20cc9f45a209a3bcd.js?body=1" for ::1 at 2015-04-07 21:25:16 +0800


Started GET "/assets/application-5266d2988799ecc8fe6e81eaab412e7d.css?body=1" for ::1 at 2015-04-07 21:25:16 +0800


Started GET "/assets/application-d5dd9df895e734baa4e6c45e5b5415a9.js?body=1" for ::1 at 2015-04-07 21:25:16 +0800


Started GET "/courses/1" for ::1 at 2015-04-07 21:25:24 +0800
Processing by CoursesController#show as HTML
  Parameters: {"id"=>"1"}
  [1m[36mCourse Load (0.3ms)[0m  [1mSELECT  "courses".* FROM "courses" WHERE "courses"."id" = ? LIMIT 1[0m  [["id", 1]]
  Rendered courses/show.html.erb within layouts/application (1.5ms)
Completed 200 OK in 94ms (Views: 91.1ms | ActiveRecord: 0.3ms)


Started GET "/courses/1" for ::1 at 2015-04-07 21:25:29 +0800
Processing by CoursesController#show as HTML
  Parameters: {"id"=>"1"}
  [1m[35mCourse Load (0.1ms)[0m  SELECT  "courses".* FROM "courses" WHERE "courses"."id" = ? LIMIT 1  [["id", 1]]
  Rendered courses/show.html.erb within layouts/application (0.1ms)
Completed 200 OK in 57ms (Views: 56.0ms | ActiveRecord: 0.1ms)


Started GET "/courses/1/edit" for ::1 at 2015-04-07 21:25:32 +0800
Processing by CoursesController#edit as HTML
  Parameters: {"id"=>"1"}
  [1m[36mCourse Load (0.1ms)[0m  [1mSELECT  "courses".* FROM "courses" WHERE "courses"."id" = ? LIMIT 1[0m  [["id", 1]]
  Rendered courses/edit.html.erb within layouts/application (5.1ms)
Completed 200 OK in 80ms (Views: 79.1ms | ActiveRecord: 0.1ms)


Started GET "/courses?utf8=%E2%9C%93&title=%E8%B3%87%E6%96%99%E5%BA%AB&teacher=&time=&commit=search" for ::1 at 2015-04-07 21:25:45 +0800
Processing by CoursesController#index as HTML
  Parameters: {"utf8"=>"âœ“", "title"=>"è³‡æ–™åº«", "teacher"=>"", "time"=>"", "commit"=>"search"}
  [1m[35mCourse Load (0.3ms)[0m  SELECT "courses".* FROM "courses" WHERE (title like '%è³‡æ–™åº«%')
  Rendered courses/index.html.erb within layouts/application (2.4ms)
Completed 200 OK in 71ms (Views: 69.5ms | ActiveRecord: 0.3ms)


Started GET "/assets/application-5266d2988799ecc8fe6e81eaab412e7d.css?body=1" for ::1 at 2015-04-07 21:25:45 +0800


Started GET "/assets/jquery_ujs-e27bd20a10d28155845a22d71ef94f2f.js?body=1" for ::1 at 2015-04-07 21:25:45 +0800


Started GET "/assets/home-64e62ddc273c2f5847f30d698ca14b67.css?body=1" for ::1 at 2015-04-07 21:25:45 +0800


Started GET "/assets/jquery-87424c3c19e96d4fb033c10ebe21ec40.js?body=1" for ::1 at 2015-04-07 21:25:45 +0800


Started GET "/assets/courses-64e62ddc273c2f5847f30d698ca14b67.css?body=1" for ::1 at 2015-04-07 21:25:45 +0800


Started GET "/assets/turbolinks-f87b3583ca50adb0488b031297f5580d.js?body=1" for ::1 at 2015-04-07 21:25:45 +0800


Started GET "/assets/courses-fcec5b5a277ac7c20cc9f45a209a3bcd.js?body=1" for ::1 at 2015-04-07 21:25:45 +0800


Started GET "/assets/home-fcec5b5a277ac7c20cc9f45a209a3bcd.js?body=1" for ::1 at 2015-04-07 21:25:45 +0800


Started GET "/assets/application-d5dd9df895e734baa4e6c45e5b5415a9.js?body=1" for ::1 at 2015-04-07 21:25:45 +0800


Started GET "/courses?utf8=%E2%9C%93&title=%E7%B6%93%E6%BF%9F%E5%AD%B8&teacher=&time=&commit=%E6%90%9C%E5%B0%8B" for ::1 at 2015-04-07 21:25:50 +0800
Processing by CoursesController#index as HTML
  Parameters: {"utf8"=>"âœ“", "title"=>"ç¶“æ¿Ÿå­¸", "teacher"=>"", "time"=>"", "commit"=>"æœå°‹"}
  [1m[36mCourse Load (0.2ms)[0m  [1mSELECT "courses".* FROM "courses" WHERE (title like '%ç¶“æ¿Ÿå­¸%')[0m
  Rendered courses/index.html.erb within layouts/application (2.7ms)
Completed 200 OK in 95ms (Views: 94.0ms | ActiveRecord: 0.2ms)


Started GET "/courses?utf8=%E2%9C%93&title=%E8%B3%87%E6%96%99%E5%BA%AB&teacher=&time=&commit=%E6%90%9C%E5%B0%8B" for ::1 at 2015-04-07 21:25:51 +0800
Processing by CoursesController#index as HTML
  Parameters: {"utf8"=>"âœ“", "title"=>"è³‡æ–™åº«", "teacher"=>"", "time"=>"", "commit"=>"æœå°‹"}
  [1m[35mCourse Load (0.2ms)[0m  SELECT "courses".* FROM "courses" WHERE (title like '%è³‡æ–™åº«%')
  Rendered courses/index.html.erb within layouts/application (1.3ms)
Completed 200 OK in 61ms (Views: 59.7ms | ActiveRecord: 0.2ms)


Started GET "/assets/home-64e62ddc273c2f5847f30d698ca14b67.css?body=1" for ::1 at 2015-04-07 21:25:51 +0800


Started GET "/assets/application-5266d2988799ecc8fe6e81eaab412e7d.css?body=1" for ::1 at 2015-04-07 21:25:51 +0800


Started GET "/assets/courses-64e62ddc273c2f5847f30d698ca14b67.css?body=1" for ::1 at 2015-04-07 21:25:51 +0800


Started GET "/assets/turbolinks-f87b3583ca50adb0488b031297f5580d.js?body=1" for ::1 at 2015-04-07 21:25:51 +0800


Started GET "/assets/jquery-87424c3c19e96d4fb033c10ebe21ec40.js?body=1" for ::1 at 2015-04-07 21:25:51 +0800


Started GET "/assets/jquery_ujs-e27bd20a10d28155845a22d71ef94f2f.js?body=1" for ::1 at 2015-04-07 21:25:51 +0800


Started GET "/assets/courses-fcec5b5a277ac7c20cc9f45a209a3bcd.js?body=1" for ::1 at 2015-04-07 21:25:51 +0800


Started GET "/assets/home-fcec5b5a277ac7c20cc9f45a209a3bcd.js?body=1" for ::1 at 2015-04-07 21:25:51 +0800


Started GET "/assets/application-d5dd9df895e734baa4e6c45e5b5415a9.js?body=1" for ::1 at 2015-04-07 21:25:51 +0800


Started GET "/" for ::1 at 2015-04-07 21:25:54 +0800
Processing by HomeController#index as HTML
  Rendered home/index.html.erb within layouts/application (1.1ms)
Completed 200 OK in 82ms (Views: 81.8ms | ActiveRecord: 0.0ms)


Started GET "/courses/new" for ::1 at 2015-04-07 21:25:54 +0800
Processing by CoursesController#new as HTML
  Rendered courses/new.html.erb within layouts/application (2.7ms)
Completed 200 OK in 74ms (Views: 73.3ms | ActiveRecord: 0.0ms)


Started POST "/courses" for ::1 at 2015-04-07 21:26:22 +0800
Processing by CoursesController#create as HTML
  Parameters: {"utf8"=>"âœ“", "authenticity_token"=>"4ncjAL34023sAW9R2gcEhtl2XJSTTe9HXmRNYeToG4sBBaE3mb0JXMsjWCbO7q/hR5ZmejLCy6Om8D7jeTbRfg==", "course"=>{"title"=>"é¤Šè²“", "teacher"=>"æˆ‘", "time"=>"ä»»ä½•", "classroom"=>"æ‰‹æ©Ÿ", "credit"=>"5"}, "commit"=>"Create Course"}
Unpermitted parameter: classroom
  [1m[36m (0.2ms)[0m  [1mbegin transaction[0m
  [1m[35mSQL (0.8ms)[0m  INSERT INTO "courses" ("title", "teacher", "time", "credit", "created_at", "updated_at") VALUES (?, ?, ?, ?, ?, ?)  [["title", "é¤Šè²“"], ["teacher", "æˆ‘"], ["time", "ä»»ä½•"], ["credit", "5"], ["created_at", "2015-04-07 13:26:22.604957"], ["updated_at", "2015-04-07 13:26:22.604957"]]
  [1m[36m (1.1ms)[0m  [1mcommit transaction[0m
Redirected to http://localhost:3000/
Completed 302 Found in 10ms (ActiveRecord: 2.1ms)


Started GET "/" for ::1 at 2015-04-07 21:26:22 +0800
Processing by HomeController#index as HTML
  Rendered home/index.html.erb within layouts/application (1.3ms)
Completed 200 OK in 78ms (Views: 77.4ms | ActiveRecord: 0.0ms)


Started GET "/assets/application-5266d2988799ecc8fe6e81eaab412e7d.css?body=1" for ::1 at 2015-04-07 21:26:22 +0800


Started GET "/assets/turbolinks-f87b3583ca50adb0488b031297f5580d.js?body=1" for ::1 at 2015-04-07 21:26:22 +0800


Started GET "/assets/home-64e62ddc273c2f5847f30d698ca14b67.css?body=1" for ::1 at 2015-04-07 21:26:22 +0800


Started GET "/assets/jquery_ujs-e27bd20a10d28155845a22d71ef94f2f.js?body=1" for ::1 at 2015-04-07 21:26:22 +0800


Started GET "/assets/courses-fcec5b5a277ac7c20cc9f45a209a3bcd.js?body=1" for ::1 at 2015-04-07 21:26:22 +0800


Started GET "/assets/jquery-87424c3c19e96d4fb033c10ebe21ec40.js?body=1" for ::1 at 2015-04-07 21:26:22 +0800


Started GET "/assets/courses-64e62ddc273c2f5847f30d698ca14b67.css?body=1" for ::1 at 2015-04-07 21:26:22 +0800


Started GET "/assets/home-fcec5b5a277ac7c20cc9f45a209a3bcd.js?body=1" for ::1 at 2015-04-07 21:26:22 +0800


Started GET "/assets/application-d5dd9df895e734baa4e6c45e5b5415a9.js?body=1" for ::1 at 2015-04-07 21:26:22 +0800


Started GET "/courses" for ::1 at 2015-04-07 21:26:24 +0800
Processing by CoursesController#index as HTML
  [1m[35mCourse Load (0.2ms)[0m  SELECT "courses".* FROM "courses"
  Rendered courses/index.html.erb within layouts/application (2.2ms)
Completed 200 OK in 66ms (Views: 65.4ms | ActiveRecord: 0.2ms)


Started GET "/courses/2" for ::1 at 2015-04-07 21:26:25 +0800
Processing by CoursesController#show as HTML
  Parameters: {"id"=>"2"}
  [1m[36mCourse Load (0.1ms)[0m  [1mSELECT  "courses".* FROM "courses" WHERE "courses"."id" = ? LIMIT 1[0m  [["id", 2]]
  Rendered courses/show.html.erb within layouts/application (0.2ms)
Completed 200 OK in 72ms (Views: 63.7ms | ActiveRecord: 0.1ms)


Started GET "/courses/2" for ::1 at 2015-04-07 21:28:08 +0800
Processing by CoursesController#show as HTML
  Parameters: {"id"=>"2"}
  [1m[35mCourse Load (0.4ms)[0m  SELECT  "courses".* FROM "courses" WHERE "courses"."id" = ? LIMIT 1  [["id", 2]]
  Rendered courses/show.html.erb within layouts/application (3.2ms)
Completed 200 OK in 226ms (Views: 195.3ms | ActiveRecord: 1.6ms)


Started GET "/assets/courses-64e62ddc273c2f5847f30d698ca14b67.css?body=1" for ::1 at 2015-04-07 21:28:09 +0800


Started GET "/assets/jquery-87424c3c19e96d4fb033c10ebe21ec40.js?body=1" for ::1 at 2015-04-07 21:28:09 +0800


Started GET "/assets/courses-fcec5b5a277ac7c20cc9f45a209a3bcd.js?body=1" for ::1 at 2015-04-07 21:28:09 +0800


Started GET "/assets/home-fcec5b5a277ac7c20cc9f45a209a3bcd.js?body=1" for ::1 at 2015-04-07 21:28:09 +0800


Started GET "/assets/application-5266d2988799ecc8fe6e81eaab412e7d.css?body=1" for ::1 at 2015-04-07 21:28:09 +0800


Started GET "/assets/application-d5dd9df895e734baa4e6c45e5b5415a9.js?body=1" for ::1 at 2015-04-07 21:28:09 +0800


Started GET "/assets/jquery_ujs-e27bd20a10d28155845a22d71ef94f2f.js?body=1" for ::1 at 2015-04-07 21:28:09 +0800


Started GET "/assets/turbolinks-f87b3583ca50adb0488b031297f5580d.js?body=1" for ::1 at 2015-04-07 21:28:09 +0800


Started GET "/assets/home-64e62ddc273c2f5847f30d698ca14b67.css?body=1" for ::1 at 2015-04-07 21:28:09 +0800


Started GET "/courses" for ::1 at 2015-04-07 21:28:11 +0800
Processing by CoursesController#index as HTML
  [1m[36mCourse Load (0.2ms)[0m  [1mSELECT "courses".* FROM "courses"[0m
  Rendered courses/index.html.erb within layouts/application (2.6ms)
Completed 200 OK in 65ms (Views: 63.8ms | ActiveRecord: 0.2ms)


Started GET "/" for ::1 at 2015-04-07 21:28:13 +0800
Processing by HomeController#index as HTML
  Rendered home/index.html.erb within layouts/application (0.6ms)
Completed 200 OK in 80ms (Views: 79.0ms | ActiveRecord: 0.0ms)


Started GET "/courses" for ::1 at 2015-04-07 21:28:14 +0800
Processing by CoursesController#index as HTML
  [1m[35mCourse Load (0.2ms)[0m  SELECT "courses".* FROM "courses"
  Rendered courses/index.html.erb within layouts/application (1.8ms)
Completed 200 OK in 64ms (Views: 63.3ms | ActiveRecord: 0.2ms)


Started GET "/courses/new" for ::1 at 2015-04-07 21:28:16 +0800
Processing by CoursesController#new as HTML
  Rendered courses/new.html.erb within layouts/application (3.0ms)
Completed 200 OK in 87ms (Views: 85.8ms | ActiveRecord: 0.0ms)


Started POST "/courses" for ::1 at 2015-04-07 21:28:28 +0800
Processing by CoursesController#create as HTML
  Parameters: {"utf8"=>"âœ“", "authenticity_token"=>"nXYpD9yhMsk/Zt/z5M+d3lsHnNg4DUZi5pQXMy/eP11+BKs4+OTo+BhE6ITwJja5xeemNpmCYoYeAGSxsgD1qA==", "course"=>{"title"=>"123", "teacher"=>"123", "time"=>"123", "classroom"=>"123", "credit"=>"123"}, "commit"=>"Create Course"}
  [1m[36m (0.2ms)[0m  [1mbegin transaction[0m
  [1m[35mSQL (0.7ms)[0m  INSERT INTO "courses" ("title", "teacher", "time", "classroom", "credit", "created_at", "updated_at") VALUES (?, ?, ?, ?, ?, ?, ?)  [["title", "123"], ["teacher", "123"], ["time", "123"], ["classroom", "123"], ["credit", "123"], ["created_at", "2015-04-07 13:28:28.086942"], ["updated_at", "2015-04-07 13:28:28.086942"]]
  [1m[36m (0.8ms)[0m  [1mcommit transaction[0m
Redirected to http://localhost:3000/
Completed 302 Found in 9ms (ActiveRecord: 1.7ms)


Started GET "/" for ::1 at 2015-04-07 21:28:28 +0800
Processing by HomeController#index as HTML
  Rendered home/index.html.erb within layouts/application (0.5ms)
Completed 200 OK in 64ms (Views: 63.5ms | ActiveRecord: 0.0ms)


Started GET "/assets/application-5266d2988799ecc8fe6e81eaab412e7d.css?body=1" for ::1 at 2015-04-07 21:28:28 +0800


Started GET "/assets/jquery-87424c3c19e96d4fb033c10ebe21ec40.js?body=1" for ::1 at 2015-04-07 21:28:28 +0800


Started GET "/assets/turbolinks-f87b3583ca50adb0488b031297f5580d.js?body=1" for ::1 at 2015-04-07 21:28:28 +0800


Started GET "/assets/jquery_ujs-e27bd20a10d28155845a22d71ef94f2f.js?body=1" for ::1 at 2015-04-07 21:28:28 +0800


Started GET "/assets/courses-64e62ddc273c2f5847f30d698ca14b67.css?body=1" for ::1 at 2015-04-07 21:28:28 +0800


Started GET "/assets/home-64e62ddc273c2f5847f30d698ca14b67.css?body=1" for ::1 at 2015-04-07 21:28:28 +0800


Started GET "/assets/home-fcec5b5a277ac7c20cc9f45a209a3bcd.js?body=1" for ::1 at 2015-04-07 21:28:28 +0800


Started GET "/assets/courses-fcec5b5a277ac7c20cc9f45a209a3bcd.js?body=1" for ::1 at 2015-04-07 21:28:28 +0800


Started GET "/assets/application-d5dd9df895e734baa4e6c45e5b5415a9.js?body=1" for ::1 at 2015-04-07 21:28:28 +0800


Started GET "/courses" for ::1 at 2015-04-07 21:28:29 +0800
Processing by CoursesController#index as HTML
  [1m[35mCourse Load (0.2ms)[0m  SELECT "courses".* FROM "courses"
  Rendered courses/index.html.erb within layouts/application (2.4ms)
Completed 200 OK in 77ms (Views: 76.1ms | ActiveRecord: 0.2ms)


Started GET "/courses/3" for ::1 at 2015-04-07 21:28:30 +0800
Processing by CoursesController#show as HTML
  Parameters: {"id"=>"3"}
  [1m[36mCourse Load (0.1ms)[0m  [1mSELECT  "courses".* FROM "courses" WHERE "courses"."id" = ? LIMIT 1[0m  [["id", 3]]
  Rendered courses/show.html.erb within layouts/application (0.2ms)
Completed 200 OK in 72ms (Views: 71.2ms | ActiveRecord: 0.1ms)
